PLUMED: PLUMED is starting
PLUMED: Version: 2.9.4 (git: Unknown) compiled on Aug 20 2025 at 17:34:30
PLUMED: Please cite these papers when using PLUMED [1][2]
PLUMED: For further information see the PLUMED web page at http://www.plumed.org
PLUMED: Root: /Users/wuzhiyou/plumed/lib/plumed
PLUMED: For installed feature, see /Users/wuzhiyou/plumed/lib/plumed/src/config/config.txt
PLUMED: Molecular dynamics engine: gromacs
PLUMED: Precision of reals: 4
PLUMED: Running over 1 node
PLUMED: Number of threads: 1
PLUMED: Cache line size: 512
PLUMED: Number of atoms: 22
PLUMED: File suffix: 
PLUMED: FILE: phi_170_psi_170/plumed.dat
PLUMED: Action MOLINFO
PLUMED:   with label @0
PLUMED:   pdb file named ./ala2.pdb contains 1 chains 
PLUMED:   chain named A contains residues 1 to 3 and atoms 1 to 22 
PLUMED: Action TORSION
PLUMED:   with label phi
PLUMED:   between atoms 5 7 9 15
PLUMED:   using periodic boundary conditions
PLUMED: Action TORSION
PLUMED:   with label psi
PLUMED:   between atoms 7 9 15 17
PLUMED:   using periodic boundary conditions
PLUMED: Action RESTRAINT
PLUMED:   with label restraint
PLUMED:   with arguments phi psi
PLUMED:   added component to this action:  restraint.bias 
PLUMED:   at 2.967060 2.967060
PLUMED:   with harmonic force constant 1000.000000 1000.000000
PLUMED:   and linear force constant 0.000000 0.000000
PLUMED:   added component to this action:  restraint.force2 
PLUMED: Action PRINT
PLUMED:   with label @4
PLUMED:   with stride 100
PLUMED:   with arguments phi psi restraint.bias
PLUMED:   on file phi_170_psi_170/COLVAR_restrained
PLUMED:   with format  %f
PLUMED: END FILE: phi_170_psi_170/plumed.dat
PLUMED: Timestep: 0.002000
PLUMED: KbT: 2.494339
PLUMED: Relevant bibliography:
PLUMED:   [1] The PLUMED consortium, Nat. Methods 16, 670 (2019)
PLUMED:   [2] Tribello, Bonomi, Branduardi, Camilloni, and Bussi, Comput. Phys. Commun. 185, 604 (2014)
PLUMED: Please read and cite where appropriate!
PLUMED: Finished setup
PLUMED:                                               Cycles        Total      Average      Minimum      Maximum
PLUMED:                                                    1     0.591911     0.591911     0.591911     0.591911
PLUMED: 1 Prepare dependencies                        100001     0.022736     0.000000     0.000000     0.000033
PLUMED: 2 Sharing data                                100001     0.033115     0.000000     0.000000     0.000188
PLUMED: 3 Waiting for data                            100001     0.005627     0.000000     0.000000     0.000012
PLUMED: 4 Calculating (forward loop)                  100001     0.156643     0.000002     0.000001     0.000195
PLUMED: 5 Applying (backward loop)                    100001     0.097109     0.000001     0.000001     0.000052
PLUMED: 6 Update                                      100001     0.013015     0.000000     0.000000     0.000442
